<?xml version="1.0" encoding="UTF-8"?>
<!-- Generated by org.testng.reporters.JUnitXMLReporter -->
<testsuite ignored="11" hostname="DESKTOP-OBP08OP" failures="0" tests="5" name="Default test" time="13.447" errors="0" timestamp="2025-05-20T01:32:32 EET">
  <testcase classname="codenboxautomationlab1.codenboxautomationlab1.AppTest" name="Dynamic_Dropdown" time="2.173"/>
  <testcase classname="codenboxautomationlab1.codenboxautomationlab1.AppTest" name="SelectTag" time="0.03"/>
  <testcase classname="codenboxautomationlab1.codenboxautomationlab1.AppTest" name="DownloadApkFileAndScreenShot" time="1.463"/>
  <testcase classname="codenboxautomationlab1.codenboxautomationlab1.AppTest" name="DownloadApkFileAndScreenShot" time="1.181"/>
  <testcase classname="codenboxautomationlab1.codenboxautomationlab1.AppTest" name="DownloadApkFileAndScreenShot" time="1.237"/>
  <testcase classname="codenboxautomationlab1.codenboxautomationlab1.AppTest" name="CalenderOpen" time="0.0">
    <ignored/>
  </testcase> <!-- CalenderOpen -->
  <testcase classname="codenboxautomationlab1.codenboxautomationlab1.AppTest" name="RadioButton" time="0.0">
    <ignored/>
  </testcase> <!-- RadioButton -->
  <testcase classname="codenboxautomationlab1.codenboxautomationlab1.AppTest" name="MouseHover" time="0.0">
    <ignored/>
  </testcase> <!-- MouseHover -->
  <testcase classname="codenboxautomationlab1.codenboxautomationlab1.AppTest" name="EnableDisable" time="0.0">
    <ignored/>
  </testcase> <!-- EnableDisable -->
  <testcase classname="codenboxautomationlab1.codenboxautomationlab1.AppTest" name="Iframe" time="0.0">
    <ignored/>
  </testcase> <!-- Iframe -->
  <testcase classname="codenboxautomationlab1.codenboxautomationlab1.AppTest" name="SwitchWindow" time="0.0">
    <ignored/>
  </testcase> <!-- SwitchWindow -->
  <testcase classname="codenboxautomationlab1.codenboxautomationlab1.AppTest" name="HideAndShow" time="0.0">
    <ignored/>
  </testcase> <!-- HideAndShow -->
  <testcase classname="codenboxautomationlab1.codenboxautomationlab1.AppTest" name="CheckBoxTag" time="0.0">
    <ignored/>
  </testcase> <!-- CheckBoxTag -->
  <testcase classname="codenboxautomationlab1.codenboxautomationlab1.AppTest" name="AlertTest" time="0.0">
    <ignored/>
  </testcase> <!-- AlertTest -->
  <testcase classname="codenboxautomationlab1.codenboxautomationlab1.AppTest" name="TableTest" time="0.0">
    <ignored/>
  </testcase> <!-- TableTest -->
  <testcase classname="codenboxautomationlab1.codenboxautomationlab1.AppTest" name="SwitchTab" time="0.0">
    <ignored/>
  </testcase> <!-- SwitchTab -->
</testsuite> <!-- Default test -->
