<?xml version="1.0" encoding="UTF-8"?>
<testng-results ignored="11" total="16" passed="5" failed="0" skipped="0">
  <reporter-output>
  </reporter-output>
  <suite started-at="2025-05-20T01:32:19 EET" name="Default suite" finished-at="2025-05-20T01:32:32 EET" duration-ms="13447">
    <groups>
    </groups>
    <test started-at="2025-05-20T01:32:19 EET" name="Default test" finished-at="2025-05-20T01:32:32 EET" duration-ms="13447">
      <class name="codenboxautomationlab1.codenboxautomationlab1.AppTest">
        <test-method is-config="true" signature="mySetup()[pri:0, instance:codenboxautomationlab1.codenboxautomationlab1.AppTest@c2db68f]" started-at="2025-05-20T01:32:19 EET" name="mySetup" finished-at="2025-05-20T01:32:26 EET" duration-ms="7302" status="PASS">
          <reporter-output>
          </reporter-output>
        </test-method> <!-- mySetup -->
        <test-method signature="Dynamic_Dropdown()[pri:2, instance:codenboxautomationlab1.codenboxautomationlab1.AppTest@c2db68f]" started-at="2025-05-20T01:32:26 EET" name="Dynamic_Dropdown" finished-at="2025-05-20T01:32:28 EET" duration-ms="2173" status="PASS">
          <reporter-output>
          </reporter-output>
        </test-method> <!-- Dynamic_Dropdown -->
        <test-method signature="SelectTag()[pri:3, instance:codenboxautomationlab1.codenboxautomationlab1.AppTest@c2db68f]" started-at="2025-05-20T01:32:28 EET" name="SelectTag" finished-at="2025-05-20T01:32:28 EET" duration-ms="30" status="PASS">
          <reporter-output>
          </reporter-output>
        </test-method> <!-- SelectTag -->
        <test-method signature="DownloadApkFileAndScreenShot()[pri:14, instance:codenboxautomationlab1.codenboxautomationlab1.AppTest@c2db68f]" started-at="2025-05-20T01:32:28 EET" name="DownloadApkFileAndScreenShot" finished-at="2025-05-20T01:32:30 EET" duration-ms="1463" status="PASS">
          <reporter-output>
          </reporter-output>
        </test-method> <!-- DownloadApkFileAndScreenShot -->
        <test-method signature="DownloadApkFileAndScreenShot()[pri:14, instance:codenboxautomationlab1.codenboxautomationlab1.AppTest@c2db68f]" started-at="2025-05-20T01:32:30 EET" name="DownloadApkFileAndScreenShot" finished-at="2025-05-20T01:32:31 EET" duration-ms="1181" status="PASS">
          <reporter-output>
          </reporter-output>
        </test-method> <!-- DownloadApkFileAndScreenShot -->
        <test-method signature="DownloadApkFileAndScreenShot()[pri:14, instance:codenboxautomationlab1.codenboxautomationlab1.AppTest@c2db68f]" started-at="2025-05-20T01:32:31 EET" name="DownloadApkFileAndScreenShot" finished-at="2025-05-20T01:32:32 EET" duration-ms="1237" status="PASS">
          <reporter-output>
          </reporter-output>
        </test-method> <!-- DownloadApkFileAndScreenShot -->
      </class> <!-- codenboxautomationlab1.codenboxautomationlab1.AppTest -->
    </test> <!-- Default test -->
  </suite> <!-- Default suite -->
</testng-results>
